<?xml version="1.0" encoding="UTF-8"?>
<!-- Generated by org.testng.reporters.JUnitReportReporter -->
<testsuite skipped="0" hostname="gd-mac-mini.local" name="com.tripod.qa.tests.CreateProjectTest" tests="3" failures="0" timestamp="13 Nov 2018 09:44:32 GMT" time="734.977" errors="0">
  <testcase name="addviewPermissions" time="264.340" classname="com.tripod.qa.tests.CreateProjectTest"/>
  <testcase name="addEditPermissions" time="263.374" classname="com.tripod.qa.tests.CreateProjectTest"/>
  <testcase name="addNoPermissions" time="207.263" classname="com.tripod.qa.tests.CreateProjectTest"/>
</testsuite> <!-- com.tripod.qa.tests.CreateProjectTest -->
