<?xml version="1.0" encoding="UTF-8"?>
<!-- Generated by org.testng.reporters.JUnitReportReporter -->
<testsuite skipped="0" hostname="gd-mac-mini.local" name="com.tripod.qa.tests.LoginTest" tests="4" failures="0" timestamp="13 Nov 2018 09:44:32 GMT" time="7.410" errors="0">
  <testcase name="doLoginWithInvalidEmail" time="0.624" classname="com.tripod.qa.tests.LoginTest"/>
  <testcase name="doLoginWithInvalidPassword" time="5.479" classname="com.tripod.qa.tests.LoginTest"/>
  <testcase name="doLoginWithInvalidCredintials" time="0.330" classname="com.tripod.qa.tests.LoginTest"/>
  <testcase name="doLogin" time="0.977" classname="com.tripod.qa.tests.LoginTest"/>
</testsuite> <!-- com.tripod.qa.tests.LoginTest -->
