<?xml version="1.0" encoding="UTF-8"?>
<!-- Generated by org.testng.reporters.JUnitReportReporter -->
<testsuite skipped="0" hostname="gd-mac-mini.local" name="com.tripod.qa.tests.DeleteEnvironmentandAppTest" tests="2" failures="0" timestamp="13 Nov 2018 09:44:32 GMT" time="153.871" errors="0">
  <testcase name="deleteEnvironmentAndroid" time="82.616" classname="com.tripod.qa.tests.DeleteEnvironmentandAppTest"/>
  <testcase name="deleteAppAndroid" time="71.255" classname="com.tripod.qa.tests.DeleteEnvironmentandAppTest"/>
</testsuite> <!-- com.tripod.qa.tests.DeleteEnvironmentandAppTest -->
