<?xml version="1.0" encoding="UTF-8"?>
<!-- Generated by org.testng.reporters.JUnitReportReporter -->
<testsuite skipped="0" hostname="gd-mac-mini.local" name="com.tripod.qa.tests.PicturesTest" tests="1" failures="0" timestamp="13 Nov 2018 09:44:32 GMT" time="7.729" errors="0">
  <testcase name="verifyPicture" time="7.729" classname="com.tripod.qa.tests.PicturesTest"/>
</testsuite> <!-- com.tripod.qa.tests.PicturesTest -->
