<?xml version="1.0" encoding="UTF-8"?>
<!-- Generated by org.testng.reporters.JUnitReportReporter -->
<testsuite skipped="0" hostname="gd-mac-mini.local" name="com.tripod.qa.tests.MicrosoftLoginTest" tests="1" failures="0" timestamp="13 Nov 2018 09:44:32 GMT" time="22.097" errors="0">
  <testcase name="microsoftLogin" time="22.097" classname="com.tripod.qa.tests.MicrosoftLoginTest"/>
</testsuite> <!-- com.tripod.qa.tests.MicrosoftLoginTest -->
