<?xml version="1.0" encoding="UTF-8"?>
<!-- Generated by org.testng.reporters.JUnitReportReporter -->
<testsuite skipped="0" hostname="gd-mac-mini.local" name="com.tripod.qa.tests.VideosTest" tests="1" failures="0" timestamp="13 Nov 2018 09:44:32 GMT" time="11.042" errors="0">
  <testcase name="verifyVideo" time="11.042" classname="com.tripod.qa.tests.VideosTest"/>
</testsuite> <!-- com.tripod.qa.tests.VideosTest -->
